GPU COMPATIBLE RUN...
Booting with exp params: graft.vgg16_nobn_l12...
Experiment Logs will be written at ../../data/cifar-100-logs/[01_11_23_31]graft.vgg16_nobn_l12
Dataset
- Image Scale = 2.0245562281644633
- Image Shape = (50000, 32, 32, 3)
- Num Classes = 100
Dataset
- Image Scale = 2.0245562281644633
- Image Shape = (10000, 32, 32, 3)
- Num Classes = 100
Domain grafting:
grafting/l1-conv0.0/weights:0: (3, 3, 3, 64)
grafting/l1-conv0.0/biases:0: (64,)
grafting/l2-conv0.1/weights:0: (3, 3, 64, 64)
grafting/l2-conv0.1/biases:0: (64,)
grafting/l3-conv1.0/weights:0: (3, 3, 64, 128)
grafting/l3-conv1.0/biases:0: (128,)
grafting/l4-conv1.1/weights:0: (3, 3, 128, 128)
grafting/l4-conv1.1/biases:0: (128,)
grafting/l5-conv2.0/weights:0: (3, 3, 128, 256)
grafting/l5-conv2.0/biases:0: (256,)
grafting/l6-conv2.1/weights:0: (3, 3, 256, 256)
grafting/l6-conv2.1/biases:0: (256,)
grafting/l7-conv2.2/weights:0: (3, 3, 256, 256)
grafting/l7-conv2.2/biases:0: (256,)
grafting/l8-conv3.0/weights:0: (3, 3, 256, 512)
grafting/l8-conv3.0/biases:0: (512,)
grafting/l9-conv3.1/weights:0: (3, 3, 512, 512)
grafting/l9-conv3.1/biases:0: (512,)
grafting/l10-conv3.2/weights:0: (3, 3, 512, 512)
grafting/l10-conv3.2/biases:0: (512,)
grafting/l11-conv4.0/weights:0: (3, 3, 512, 512)
grafting/l11-conv4.0/biases:0: (512,)
grafting/l12-conv4.1/weights:0: (3, 3, 512, 512)
grafting/l12-conv4.1/biases:0: (512,)
grafting/l13-conv4.2/weights:0: (3, 3, 512, 512)
grafting/l13-conv4.2/biases:0: (512,)
grafting/l14-fc1/weights:0: (512, 4096)
grafting/l14-fc1/biases:0: (4096,)
grafting/l15-fc2/weights:0: (4096, 4096)
grafting/l15-fc2/biases:0: (4096,)
grafting/l16-output/weights:0: (4096, 100)
grafting/l16-output/biases:0: (100,)
Domain net1:
net1/l1-conv0.0/weights:0: (3, 3, 3, 64)
net1/l1-conv0.0/biases:0: (64,)
net1/l2-conv0.1/weights:0: (3, 3, 64, 64)
net1/l2-conv0.1/biases:0: (64,)
net1/l3-conv1.0/weights:0: (3, 3, 64, 128)
net1/l3-conv1.0/biases:0: (128,)
net1/l4-conv1.1/weights:0: (3, 3, 128, 128)
net1/l4-conv1.1/biases:0: (128,)
net1/l5-conv2.0/weights:0: (3, 3, 128, 256)
net1/l5-conv2.0/biases:0: (256,)
net1/l6-conv2.1/weights:0: (3, 3, 256, 256)
net1/l6-conv2.1/biases:0: (256,)
net1/l7-conv2.2/weights:0: (3, 3, 256, 256)
net1/l7-conv2.2/biases:0: (256,)
net1/l8-conv3.0/weights:0: (3, 3, 256, 512)
net1/l8-conv3.0/biases:0: (512,)
net1/l9-conv3.1/weights:0: (3, 3, 512, 512)
net1/l9-conv3.1/biases:0: (512,)
net1/l10-conv3.2/weights:0: (3, 3, 512, 512)
net1/l10-conv3.2/biases:0: (512,)
net1/l11-conv4.0/weights:0: (3, 3, 512, 512)
net1/l11-conv4.0/biases:0: (512,)
net1/l12-conv4.1/weights:0: (3, 3, 512, 512)
net1/l12-conv4.1/biases:0: (512,)
net1/l13-conv4.2/weights:0: (3, 3, 512, 512)
net1/l13-conv4.2/biases:0: (512,)
net1/l14-fc1/weights:0: (512, 4096)
net1/l14-fc1/biases:0: (4096,)
net1/l15-fc2/weights:0: (4096, 4096)
net1/l15-fc2/biases:0: (4096,)
net1/l16-output/weights:0: (4096, 100)
net1/l16-output/biases:0: (100,)
Domain net2:
net2/l1-conv0.0/weights:0: (3, 3, 3, 64)
net2/l1-conv0.0/biases:0: (64,)
net2/l2-conv0.1/weights:0: (3, 3, 64, 64)
net2/l2-conv0.1/biases:0: (64,)
net2/l3-conv1.0/weights:0: (3, 3, 64, 128)
net2/l3-conv1.0/biases:0: (128,)
net2/l4-conv1.1/weights:0: (3, 3, 128, 128)
net2/l4-conv1.1/biases:0: (128,)
net2/l5-conv2.0/weights:0: (3, 3, 128, 256)
net2/l5-conv2.0/biases:0: (256,)
net2/l6-conv2.1/weights:0: (3, 3, 256, 256)
net2/l6-conv2.1/biases:0: (256,)
net2/l7-conv2.2/weights:0: (3, 3, 256, 256)
net2/l7-conv2.2/biases:0: (256,)
net2/l8-conv3.0/weights:0: (3, 3, 256, 512)
net2/l8-conv3.0/biases:0: (512,)
net2/l9-conv3.1/weights:0: (3, 3, 512, 512)
net2/l9-conv3.1/biases:0: (512,)
net2/l10-conv3.2/weights:0: (3, 3, 512, 512)
net2/l10-conv3.2/biases:0: (512,)
net2/l11-conv4.0/weights:0: (3, 3, 512, 512)
net2/l11-conv4.0/biases:0: (512,)
net2/l12-conv4.1/weights:0: (3, 3, 512, 512)
net2/l12-conv4.1/biases:0: (512,)
net2/l13-conv4.2/weights:0: (3, 3, 512, 512)
net2/l13-conv4.2/biases:0: (512,)
net2/l14-fc1/weights:0: (512, 4096)
net2/l14-fc1/biases:0: (4096,)
net2/l15-fc2/weights:0: (4096, 4096)
net2/l15-fc2/biases:0: (4096,)
net2/l16-output/weights:0: (4096, 100)
net2/l16-output/biases:0: (100,)
calculate l12 norm: variable net1/l1-conv0.0/weights:0, shape = (3, 3, 3, 64)
calculate l12 norm: variable net1/l2-conv0.1/weights:0, shape = (3, 3, 64, 64)
calculate l12 norm: variable net1/l3-conv1.0/weights:0, shape = (3, 3, 64, 128)
calculate l12 norm: variable net1/l4-conv1.1/weights:0, shape = (3, 3, 128, 128)
calculate l12 norm: variable net1/l5-conv2.0/weights:0, shape = (3, 3, 128, 256)
calculate l12 norm: variable net1/l6-conv2.1/weights:0, shape = (3, 3, 256, 256)
calculate l12 norm: variable net1/l7-conv2.2/weights:0, shape = (3, 3, 256, 256)
calculate l12 norm: variable net1/l8-conv3.0/weights:0, shape = (3, 3, 256, 512)
calculate l12 norm: variable net1/l9-conv3.1/weights:0, shape = (3, 3, 512, 512)
calculate l12 norm: variable net1/l10-conv3.2/weights:0, shape = (3, 3, 512, 512)
calculate l12 norm: variable net1/l11-conv4.0/weights:0, shape = (3, 3, 512, 512)
calculate l12 norm: variable net1/l12-conv4.1/weights:0, shape = (3, 3, 512, 512)
calculate l12 norm: variable net1/l13-conv4.2/weights:0, shape = (3, 3, 512, 512)
calculate l12 norm: variable net1/l14-fc1/weights:0, shape = (512, 4096)
calculate l12 norm: variable net1/l15-fc2/weights:0, shape = (4096, 4096)
calculate l12 norm: variable net1/l16-output/weights:0, shape = (4096, 100)
Grad Domain net1:
net1/l1-conv0.0/weights:0
net1/l1-conv0.0/biases:0
net1/l2-conv0.1/weights:0
net1/l2-conv0.1/biases:0
net1/l3-conv1.0/weights:0
net1/l3-conv1.0/biases:0
net1/l4-conv1.1/weights:0
net1/l4-conv1.1/biases:0
net1/l5-conv2.0/weights:0
net1/l5-conv2.0/biases:0
net1/l6-conv2.1/weights:0
net1/l6-conv2.1/biases:0
net1/l7-conv2.2/weights:0
net1/l7-conv2.2/biases:0
net1/l8-conv3.0/weights:0
net1/l8-conv3.0/biases:0
net1/l9-conv3.1/weights:0
net1/l9-conv3.1/biases:0
net1/l10-conv3.2/weights:0
net1/l10-conv3.2/biases:0
net1/l11-conv4.0/weights:0
net1/l11-conv4.0/biases:0
net1/l12-conv4.1/weights:0
net1/l12-conv4.1/biases:0
net1/l13-conv4.2/weights:0
net1/l13-conv4.2/biases:0
net1/l14-fc1/weights:0
net1/l14-fc1/biases:0
net1/l15-fc2/weights:0
net1/l15-fc2/biases:0
net1/l16-output/weights:0
net1/l16-output/biases:0
calculate l12 norm: variable net2/l1-conv0.0/weights:0, shape = (3, 3, 3, 64)
calculate l12 norm: variable net2/l2-conv0.1/weights:0, shape = (3, 3, 64, 64)
calculate l12 norm: variable net2/l3-conv1.0/weights:0, shape = (3, 3, 64, 128)
calculate l12 norm: variable net2/l4-conv1.1/weights:0, shape = (3, 3, 128, 128)
calculate l12 norm: variable net2/l5-conv2.0/weights:0, shape = (3, 3, 128, 256)
calculate l12 norm: variable net2/l6-conv2.1/weights:0, shape = (3, 3, 256, 256)
calculate l12 norm: variable net2/l7-conv2.2/weights:0, shape = (3, 3, 256, 256)
calculate l12 norm: variable net2/l8-conv3.0/weights:0, shape = (3, 3, 256, 512)
calculate l12 norm: variable net2/l9-conv3.1/weights:0, shape = (3, 3, 512, 512)
calculate l12 norm: variable net2/l10-conv3.2/weights:0, shape = (3, 3, 512, 512)
calculate l12 norm: variable net2/l11-conv4.0/weights:0, shape = (3, 3, 512, 512)
calculate l12 norm: variable net2/l12-conv4.1/weights:0, shape = (3, 3, 512, 512)
calculate l12 norm: variable net2/l13-conv4.2/weights:0, shape = (3, 3, 512, 512)
calculate l12 norm: variable net2/l14-fc1/weights:0, shape = (512, 4096)
calculate l12 norm: variable net2/l15-fc2/weights:0, shape = (4096, 4096)
calculate l12 norm: variable net2/l16-output/weights:0, shape = (4096, 100)
Grad Domain net2:
net2/l1-conv0.0/weights:0
net2/l1-conv0.0/biases:0
net2/l2-conv0.1/weights:0
net2/l2-conv0.1/biases:0
net2/l3-conv1.0/weights:0
net2/l3-conv1.0/biases:0
net2/l4-conv1.1/weights:0
net2/l4-conv1.1/biases:0
net2/l5-conv2.0/weights:0
net2/l5-conv2.0/biases:0
net2/l6-conv2.1/weights:0
net2/l6-conv2.1/biases:0
net2/l7-conv2.2/weights:0
net2/l7-conv2.2/biases:0
net2/l8-conv3.0/weights:0
net2/l8-conv3.0/biases:0
net2/l9-conv3.1/weights:0
net2/l9-conv3.1/biases:0
net2/l10-conv3.2/weights:0
net2/l10-conv3.2/biases:0
net2/l11-conv4.0/weights:0
net2/l11-conv4.0/biases:0
net2/l12-conv4.1/weights:0
net2/l12-conv4.1/biases:0
net2/l13-conv4.2/weights:0
net2/l13-conv4.2/biases:0
net2/l14-fc1/weights:0
net2/l14-fc1/biases:0
net2/l15-fc2/weights:0
net2/l15-fc2/biases:0
net2/l16-output/weights:0
net2/l16-output/biases:0
drafting variable grafting/l1-conv0.0/weights:0
drafting variable grafting/l1-conv0.0/biases:0
Assign Model
[<tf.Tensor 'Assign:0' shape=(3, 3, 3, 64) dtype=float32_ref>, <tf.Tensor 'Assign_1:0' shape=(64,) dtype=float32_ref>]
drafting variable grafting/l2-conv0.1/weights:0
drafting variable grafting/l2-conv0.1/biases:0
Assign Model
[<tf.Tensor 'Assign_2:0' shape=(3, 3, 64, 64) dtype=float32_ref>, <tf.Tensor 'Assign_3:0' shape=(64,) dtype=float32_ref>]
drafting variable grafting/l3-conv1.0/weights:0
drafting variable grafting/l3-conv1.0/biases:0
Assign Model
[<tf.Tensor 'Assign_4:0' shape=(3, 3, 64, 128) dtype=float32_ref>, <tf.Tensor 'Assign_5:0' shape=(128,) dtype=float32_ref>]
drafting variable grafting/l4-conv1.1/weights:0
drafting variable grafting/l4-conv1.1/biases:0
Assign Model
[<tf.Tensor 'Assign_6:0' shape=(3, 3, 128, 128) dtype=float32_ref>, <tf.Tensor 'Assign_7:0' shape=(128,) dtype=float32_ref>]
drafting variable grafting/l5-conv2.0/weights:0
drafting variable grafting/l5-conv2.0/biases:0
Assign Model
[<tf.Tensor 'Assign_8:0' shape=(3, 3, 128, 256) dtype=float32_ref>, <tf.Tensor 'Assign_9:0' shape=(256,) dtype=float32_ref>]
drafting variable grafting/l6-conv2.1/weights:0
drafting variable grafting/l6-conv2.1/biases:0
Assign Model
[<tf.Tensor 'Assign_10:0' shape=(3, 3, 256, 256) dtype=float32_ref>, <tf.Tensor 'Assign_11:0' shape=(256,) dtype=float32_ref>]
drafting variable grafting/l7-conv2.2/weights:0
drafting variable grafting/l7-conv2.2/biases:0
Assign Model
[<tf.Tensor 'Assign_12:0' shape=(3, 3, 256, 256) dtype=float32_ref>, <tf.Tensor 'Assign_13:0' shape=(256,) dtype=float32_ref>]
drafting variable grafting/l8-conv3.0/weights:0
drafting variable grafting/l8-conv3.0/biases:0
Assign Model
[<tf.Tensor 'Assign_14:0' shape=(3, 3, 256, 512) dtype=float32_ref>, <tf.Tensor 'Assign_15:0' shape=(512,) dtype=float32_ref>]
drafting variable grafting/l9-conv3.1/weights:0
drafting variable grafting/l9-conv3.1/biases:0
Assign Model
[<tf.Tensor 'Assign_16:0' shape=(3, 3, 512, 512) dtype=float32_ref>, <tf.Tensor 'Assign_17:0' shape=(512,) dtype=float32_ref>]
drafting variable grafting/l10-conv3.2/weights:0
drafting variable grafting/l10-conv3.2/biases:0
Assign Model
[<tf.Tensor 'Assign_18:0' shape=(3, 3, 512, 512) dtype=float32_ref>, <tf.Tensor 'Assign_19:0' shape=(512,) dtype=float32_ref>]
drafting variable grafting/l11-conv4.0/weights:0
drafting variable grafting/l11-conv4.0/biases:0
Assign Model
[<tf.Tensor 'Assign_20:0' shape=(3, 3, 512, 512) dtype=float32_ref>, <tf.Tensor 'Assign_21:0' shape=(512,) dtype=float32_ref>]
drafting variable grafting/l12-conv4.1/weights:0
drafting variable grafting/l12-conv4.1/biases:0
Assign Model
[<tf.Tensor 'Assign_22:0' shape=(3, 3, 512, 512) dtype=float32_ref>, <tf.Tensor 'Assign_23:0' shape=(512,) dtype=float32_ref>]
drafting variable grafting/l13-conv4.2/weights:0
drafting variable grafting/l13-conv4.2/biases:0
Assign Model
[<tf.Tensor 'Assign_24:0' shape=(3, 3, 512, 512) dtype=float32_ref>, <tf.Tensor 'Assign_25:0' shape=(512,) dtype=float32_ref>]
drafting variable grafting/l14-fc1/weights:0
drafting variable grafting/l14-fc1/biases:0
Assign Model
[<tf.Tensor 'Assign_26:0' shape=(512, 4096) dtype=float32_ref>, <tf.Tensor 'Assign_27:0' shape=(4096,) dtype=float32_ref>]
drafting variable grafting/l15-fc2/weights:0
drafting variable grafting/l15-fc2/biases:0
Assign Model
[<tf.Tensor 'Assign_28:0' shape=(4096, 4096) dtype=float32_ref>, <tf.Tensor 'Assign_29:0' shape=(4096,) dtype=float32_ref>]
drafting variable grafting/l16-output/weights:0
drafting variable grafting/l16-output/biases:0
Assign Model
[<tf.Tensor 'Assign_30:0' shape=(4096, 100) dtype=float32_ref>, <tf.Tensor 'Assign_31:0' shape=(100,) dtype=float32_ref>]
drafting variable grafting/l1-conv0.0/weights:0
drafting variable grafting/l1-conv0.0/biases:0
Assign Model
[<tf.Tensor 'Assign_32:0' shape=(3, 3, 3, 64) dtype=float32_ref>, <tf.Tensor 'Assign_33:0' shape=(64,) dtype=float32_ref>]
drafting variable grafting/l2-conv0.1/weights:0
drafting variable grafting/l2-conv0.1/biases:0
Assign Model
[<tf.Tensor 'Assign_34:0' shape=(3, 3, 64, 64) dtype=float32_ref>, <tf.Tensor 'Assign_35:0' shape=(64,) dtype=float32_ref>]
drafting variable grafting/l3-conv1.0/weights:0
drafting variable grafting/l3-conv1.0/biases:0
Assign Model
[<tf.Tensor 'Assign_36:0' shape=(3, 3, 64, 128) dtype=float32_ref>, <tf.Tensor 'Assign_37:0' shape=(128,) dtype=float32_ref>]
drafting variable grafting/l4-conv1.1/weights:0
drafting variable grafting/l4-conv1.1/biases:0
Assign Model
[<tf.Tensor 'Assign_38:0' shape=(3, 3, 128, 128) dtype=float32_ref>, <tf.Tensor 'Assign_39:0' shape=(128,) dtype=float32_ref>]
drafting variable grafting/l5-conv2.0/weights:0
drafting variable grafting/l5-conv2.0/biases:0
Assign Model
[<tf.Tensor 'Assign_40:0' shape=(3, 3, 128, 256) dtype=float32_ref>, <tf.Tensor 'Assign_41:0' shape=(256,) dtype=float32_ref>]
drafting variable grafting/l6-conv2.1/weights:0
drafting variable grafting/l6-conv2.1/biases:0
Assign Model
[<tf.Tensor 'Assign_42:0' shape=(3, 3, 256, 256) dtype=float32_ref>, <tf.Tensor 'Assign_43:0' shape=(256,) dtype=float32_ref>]
drafting variable grafting/l7-conv2.2/weights:0
drafting variable grafting/l7-conv2.2/biases:0
Assign Model
[<tf.Tensor 'Assign_44:0' shape=(3, 3, 256, 256) dtype=float32_ref>, <tf.Tensor 'Assign_45:0' shape=(256,) dtype=float32_ref>]
drafting variable grafting/l8-conv3.0/weights:0
drafting variable grafting/l8-conv3.0/biases:0
Assign Model
[<tf.Tensor 'Assign_46:0' shape=(3, 3, 256, 512) dtype=float32_ref>, <tf.Tensor 'Assign_47:0' shape=(512,) dtype=float32_ref>]
drafting variable grafting/l9-conv3.1/weights:0
drafting variable grafting/l9-conv3.1/biases:0
Assign Model
[<tf.Tensor 'Assign_48:0' shape=(3, 3, 512, 512) dtype=float32_ref>, <tf.Tensor 'Assign_49:0' shape=(512,) dtype=float32_ref>]
drafting variable grafting/l10-conv3.2/weights:0
drafting variable grafting/l10-conv3.2/biases:0
Assign Model
[<tf.Tensor 'Assign_50:0' shape=(3, 3, 512, 512) dtype=float32_ref>, <tf.Tensor 'Assign_51:0' shape=(512,) dtype=float32_ref>]
drafting variable grafting/l11-conv4.0/weights:0
drafting variable grafting/l11-conv4.0/biases:0
Assign Model
[<tf.Tensor 'Assign_52:0' shape=(3, 3, 512, 512) dtype=float32_ref>, <tf.Tensor 'Assign_53:0' shape=(512,) dtype=float32_ref>]
drafting variable grafting/l12-conv4.1/weights:0
drafting variable grafting/l12-conv4.1/biases:0
Assign Model
[<tf.Tensor 'Assign_54:0' shape=(3, 3, 512, 512) dtype=float32_ref>, <tf.Tensor 'Assign_55:0' shape=(512,) dtype=float32_ref>]
drafting variable grafting/l13-conv4.2/weights:0
drafting variable grafting/l13-conv4.2/biases:0
Assign Model
[<tf.Tensor 'Assign_56:0' shape=(3, 3, 512, 512) dtype=float32_ref>, <tf.Tensor 'Assign_57:0' shape=(512,) dtype=float32_ref>]
drafting variable grafting/l14-fc1/weights:0
drafting variable grafting/l14-fc1/biases:0
Assign Model
[<tf.Tensor 'Assign_58:0' shape=(512, 4096) dtype=float32_ref>, <tf.Tensor 'Assign_59:0' shape=(4096,) dtype=float32_ref>]
drafting variable grafting/l15-fc2/weights:0
drafting variable grafting/l15-fc2/biases:0
Assign Model
[<tf.Tensor 'Assign_60:0' shape=(4096, 4096) dtype=float32_ref>, <tf.Tensor 'Assign_61:0' shape=(4096,) dtype=float32_ref>]
drafting variable grafting/l16-output/weights:0
drafting variable grafting/l16-output/biases:0
Assign Model
[<tf.Tensor 'Assign_62:0' shape=(4096, 100) dtype=float32_ref>, <tf.Tensor 'Assign_63:0' shape=(100,) dtype=float32_ref>]
Domain grafting:
grafting/l9-conv3.1/weights:0: (3, 3, 512, 512)
grafting/l9-conv3.1/biases:0: (512,)
l1-conv0.0
l2-conv0.1
pooling0
l3-conv1.0
l4-conv1.1
pooling1
l5-conv2.0
l6-conv2.1
l7-conv2.2
pooling2
l8-conv3.0
l9-conv3.1
Find Layer l9- Feature Map: shape = (?, 4, 4, 512)
l1-conv0.0
l2-conv0.1
pooling0
l3-conv1.0
l4-conv1.1
pooling1
l5-conv2.0
l6-conv2.1
l7-conv2.2
pooling2
l8-conv3.0
l9-conv3.1
Find Layer l9- Feature Map: shape = (?, 4, 4, 512)
calculate l12 norm: variable grafting/l1-conv0.0/weights:0, shape = (3, 3, 3, 64)
calculate l12 norm: variable grafting/l2-conv0.1/weights:0, shape = (3, 3, 64, 64)
calculate l12 norm: variable grafting/l3-conv1.0/weights:0, shape = (3, 3, 64, 128)
calculate l12 norm: variable grafting/l4-conv1.1/weights:0, shape = (3, 3, 128, 128)
calculate l12 norm: variable grafting/l5-conv2.0/weights:0, shape = (3, 3, 128, 256)
calculate l12 norm: variable grafting/l6-conv2.1/weights:0, shape = (3, 3, 256, 256)
calculate l12 norm: variable grafting/l7-conv2.2/weights:0, shape = (3, 3, 256, 256)
calculate l12 norm: variable grafting/l8-conv3.0/weights:0, shape = (3, 3, 256, 512)
calculate l12 norm: variable grafting/l9-conv3.1/weights:0, shape = (3, 3, 512, 512)
calculate l12 norm: variable grafting/l10-conv3.2/weights:0, shape = (3, 3, 512, 512)
calculate l12 norm: variable grafting/l11-conv4.0/weights:0, shape = (3, 3, 512, 512)
calculate l12 norm: variable grafting/l12-conv4.1/weights:0, shape = (3, 3, 512, 512)
calculate l12 norm: variable grafting/l13-conv4.2/weights:0, shape = (3, 3, 512, 512)
calculate l12 norm: variable grafting/l14-fc1/weights:0, shape = (512, 4096)
calculate l12 norm: variable grafting/l15-fc2/weights:0, shape = (4096, 4096)
calculate l12 norm: variable grafting/l16-output/weights:0, shape = (4096, 100)
Grad Domain grafting:
net2/l1-conv0.0/weights:0
net2/l1-conv0.0/biases:0
net2/l2-conv0.1/weights:0
net2/l2-conv0.1/biases:0
net2/l3-conv1.0/weights:0
net2/l3-conv1.0/biases:0
net2/l4-conv1.1/weights:0
net2/l4-conv1.1/biases:0
net2/l5-conv2.0/weights:0
net2/l5-conv2.0/biases:0
net2/l6-conv2.1/weights:0
net2/l6-conv2.1/biases:0
net2/l7-conv2.2/weights:0
net2/l7-conv2.2/biases:0
net2/l8-conv3.0/weights:0
net2/l8-conv3.0/biases:0
net2/l9-conv3.1/weights:0
net2/l9-conv3.1/biases:0
net2/l10-conv3.2/weights:0
net2/l10-conv3.2/biases:0
net2/l11-conv4.0/weights:0
net2/l11-conv4.0/biases:0
net2/l12-conv4.1/weights:0
net2/l12-conv4.1/biases:0
net2/l13-conv4.2/weights:0
net2/l13-conv4.2/biases:0
net2/l14-fc1/weights:0
net2/l14-fc1/biases:0
net2/l15-fc2/weights:0
net2/l15-fc2/biases:0
net2/l16-output/weights:0
net2/l16-output/biases:0
l1-conv0.0
Find Layer l1- Feature Map: shape = (?, 32, 32, 64)
l1-conv0.0
Find Layer l1- Feature Map: shape = (?, 32, 32, 64)
layer 1 feature shape = (?, 32, 32, 64), # channels = 64
compute_gradient_l2_norm: y shape = (?, 100)
compute_gradient_l2_norm: y shape = (?, 100)
